Server GC Enabled: True
[40m[32minfo[39m[22m[49m: Microsoft.Hosting.Lifetime[0]
      Now listening on: http://[::]:8080
[40m[32minfo[39m[22m[49m: Microsoft.Hosting.Lifetime[0]
      Application started. Press Ctrl+C to shut down.
[40m[32minfo[39m[22m[49m: Microsoft.Hosting.Lifetime[0]
      Hosting environment: Development
[40m[32minfo[39m[22m[49m: Microsoft.Hosting.Lifetime[0]
      Content root path: /home/debian/garbage-generator/GarbageGenerator
[40m[1m[33mwarn[39m[22m[49m: Microsoft.AspNetCore.HttpsPolicy.HttpsRedirectionMiddleware[3]
      Failed to determine the https port for redirect.
Heap usage check at 11/01/2020 03:54:30 +00:00 , 43410792 bytes
Heap usage check at 11/01/2020 03:54:43 +00:00 , 84940000 bytes
GC: 11/01/2020 03:54:43 +00:00
Heap usage check at 11/01/2020 03:54:56 +00:00 , 42410088 bytes
Heap usage check at 11/01/2020 03:55:08 +00:00 , 83947224 bytes
Heap usage check at 11/01/2020 03:55:21 +00:00 , 125451936 bytes
GC: 11/01/2020 03:55:21 +00:00
Heap usage check at 11/01/2020 03:55:34 +00:00 , 42412064 bytes
Heap usage check at 11/01/2020 03:55:47 +00:00 , 83948904 bytes
Heap usage check at 11/01/2020 03:56:00 +00:00 , 125469920 bytes
GC: 11/01/2020 03:56:00 +00:00
Heap usage check at 11/01/2020 03:56:12 +00:00 , 42401752 bytes
Heap usage check at 11/01/2020 03:56:25 +00:00 , 83913048 bytes
Heap usage check at 11/01/2020 03:56:38 +00:00 , 125753008 bytes
GC: 11/01/2020 03:56:38 +00:00
Heap usage check at 11/01/2020 03:56:51 +00:00 , 42708848 bytes
Heap usage check at 11/01/2020 03:57:04 +00:00 , 84230736 bytes
Heap usage check at 11/01/2020 03:57:16 +00:00 , 125752320 bytes
GC: 11/01/2020 03:57:17 +00:00
Heap usage check at 11/01/2020 03:57:42 +00:00 , 84216064 bytes
Heap usage check at 11/01/2020 03:58:08 +00:00 , 167227008 bytes
GC: 11/01/2020 03:58:08 +00:00
Heap usage check at 11/01/2020 03:58:46 +00:00 , 125714424 bytes
GC: 11/01/2020 03:58:46 +00:00
Heap usage check at 11/01/2020 03:59:25 +00:00 , 125737024 bytes
GC: 11/01/2020 03:59:25 +00:00
Heap usage check at 11/01/2020 04:00:03 +00:00 , 125723960 bytes
GC: 11/01/2020 04:00:03 +00:00
Heap usage check at 11/01/2020 04:00:41 +00:00 , 125743752 bytes
GC: 11/01/2020 04:00:41 +00:00
Heap usage check at 11/01/2020 04:01:20 +00:00 , 125730552 bytes
GC: 11/01/2020 04:01:20 +00:00
Heap usage check at 11/01/2020 04:01:58 +00:00 , 125728784 bytes
GC: 11/01/2020 04:01:58 +00:00
Heap usage check at 11/01/2020 04:02:37 +00:00 , 125734760 bytes
GC: 11/01/2020 04:02:37 +00:00
Heap usage check at 11/01/2020 04:03:15 +00:00 , 125730920 bytes
GC: 11/01/2020 04:03:15 +00:00
Heap usage check at 11/01/2020 04:03:53 +00:00 , 125718312 bytes
GC: 11/01/2020 04:03:53 +00:00
[40m[32minfo[39m[22m[49m: Microsoft.Hosting.Lifetime[0]
      Application is shutting down...
