Server GC Enabled: True
[40m[32minfo[39m[22m[49m: Microsoft.Hosting.Lifetime[0]
      Now listening on: http://[::]:8080
[40m[32minfo[39m[22m[49m: Microsoft.Hosting.Lifetime[0]
      Application started. Press Ctrl+C to shut down.
[40m[32minfo[39m[22m[49m: Microsoft.Hosting.Lifetime[0]
      Hosting environment: Development
[40m[32minfo[39m[22m[49m: Microsoft.Hosting.Lifetime[0]
      Content root path: /home/debian/garbage-generator/GarbageGenerator
[40m[1m[33mwarn[39m[22m[49m: Microsoft.AspNetCore.HttpsPolicy.HttpsRedirectionMiddleware[3]
      Failed to determine the https port for redirect.
Heap usage check at 11/01/2020 03:54:30 +00:00 , 43402520 bytes
Heap usage check at 11/01/2020 03:54:43 +00:00 , 84923408 bytes
Heap usage check at 11/01/2020 03:54:56 +00:00 , 126436496 bytes
Heap usage check at 11/01/2020 03:55:09 +00:00 , 167965320 bytes
GC: 11/01/2020 03:55:09 +00:00
Heap usage check at 11/01/2020 03:55:21 +00:00 , 42427512 bytes
Heap usage check at 11/01/2020 03:55:34 +00:00 , 83940592 bytes
Heap usage check at 11/01/2020 03:55:47 +00:00 , 125470072 bytes
Heap usage check at 11/01/2020 03:56:00 +00:00 , 166982760 bytes
GC: 11/01/2020 03:56:00 +00:00
Heap usage check at 11/01/2020 03:56:12 +00:00 , 42394072 bytes
Heap usage check at 11/01/2020 03:56:25 +00:00 , 83915352 bytes
Heap usage check at 11/01/2020 03:56:38 +00:00 , 125755944 bytes
GC: 11/01/2020 03:56:38 +00:00
Heap usage check at 11/01/2020 03:56:51 +00:00 , 42716912 bytes
Heap usage check at 11/01/2020 03:57:04 +00:00 , 84246064 bytes
Heap usage check at 11/01/2020 03:57:17 +00:00 , 126103432 bytes
Heap usage check at 11/01/2020 03:57:29 +00:00 , 167288344 bytes
GC: 11/01/2020 03:57:29 +00:00
Heap usage check at 11/01/2020 03:57:42 +00:00 , 42713368 bytes
Heap usage check at 11/01/2020 03:57:55 +00:00 , 84235136 bytes
Heap usage check at 11/01/2020 03:58:08 +00:00 , 125748472 bytes
Heap usage check at 11/01/2020 03:58:21 +00:00 , 167270160 bytes
GC: 11/01/2020 03:58:21 +00:00
Heap usage check at 11/01/2020 03:58:59 +00:00 , 126044872 bytes
Heap usage check at 11/01/2020 03:59:38 +00:00 , 250946304 bytes
GC: 11/01/2020 03:59:38 +00:00
Heap usage check at 11/01/2020 04:00:16 +00:00 , 126053976 bytes
GC: 11/01/2020 04:00:16 +00:00
Heap usage check at 11/01/2020 04:00:55 +00:00 , 125722536 bytes
GC: 11/01/2020 04:00:55 +00:00
Heap usage check at 11/01/2020 04:01:33 +00:00 , 126044992 bytes
GC: 11/01/2020 04:01:33 +00:00
Heap usage check at 11/01/2020 04:02:12 +00:00 , 125734640 bytes
GC: 11/01/2020 04:02:12 +00:00
Heap usage check at 11/01/2020 04:02:50 +00:00 , 126054592 bytes
GC: 11/01/2020 04:02:50 +00:00
Heap usage check at 11/01/2020 04:03:29 +00:00 , 125736608 bytes
GC: 11/01/2020 04:03:29 +00:00
Heap usage check at 11/01/2020 04:04:07 +00:00 , 126053584 bytes
GC: 11/01/2020 04:04:07 +00:00
[40m[32minfo[39m[22m[49m: Microsoft.Hosting.Lifetime[0]
      Application is shutting down...
