Controllers/GarbageGenerator.cs(33,46): warning CS0168: The variable 'e' is declared but never used [/home/debian/garbage-generator/GarbageGenerator/GarbageGenerator.csproj]
Server GC Enabled: True
[40m[32minfo[39m[22m[49m: Microsoft.Hosting.Lifetime[0]
      Now listening on: http://[::]:8080
[40m[32minfo[39m[22m[49m: Microsoft.Hosting.Lifetime[0]
      Application started. Press Ctrl+C to shut down.
[40m[32minfo[39m[22m[49m: Microsoft.Hosting.Lifetime[0]
      Hosting environment: Development
[40m[32minfo[39m[22m[49m: Microsoft.Hosting.Lifetime[0]
      Content root path: /home/debian/garbage-generator/GarbageGenerator
[40m[1m[33mwarn[39m[22m[49m: Microsoft.AspNetCore.HttpsPolicy.HttpsRedirectionMiddleware[3]
      Failed to determine the https port for redirect.
Heap usage check at 11/01/2020 03:30:35 +00:00 , 59797128 bytes
Heap usage check at 11/01/2020 03:30:48 +00:00 , 117693776 bytes
GC: 11/01/2020 03:30:48 +00:00
Heap usage check at 11/01/2020 03:31:01 +00:00 , 58681888 bytes
Heap usage check at 11/01/2020 03:31:13 +00:00 , 116578552 bytes
GC: 11/01/2020 03:31:13 +00:00
Heap usage check at 11/01/2020 03:31:26 +00:00 , 58680536 bytes
GC: 11/01/2020 03:31:26 +00:00
Heap usage check at 11/01/2020 03:31:39 +00:00 , 58674520 bytes
GC: 11/01/2020 03:31:39 +00:00
Heap usage check at 11/01/2020 03:31:52 +00:00 , 58917800 bytes
GC: 11/01/2020 03:31:52 +00:00
Heap usage check at 11/01/2020 03:32:04 +00:00 , 58641488 bytes
GC: 11/01/2020 03:32:05 +00:00
Heap usage check at 11/01/2020 03:32:17 +00:00 , 58665200 bytes
GC: 11/01/2020 03:32:17 +00:00
Heap usage check at 11/01/2020 03:32:30 +00:00 , 58645336 bytes
GC: 11/01/2020 03:32:30 +00:00
Heap usage check at 11/01/2020 03:32:43 +00:00 , 59126840 bytes
GC: 11/01/2020 03:32:43 +00:00
Heap usage check at 11/01/2020 03:32:56 +00:00 , 59104392 bytes
GC: 11/01/2020 03:32:56 +00:00
Heap usage check at 11/01/2020 03:33:09 +00:00 , 59106608 bytes
GC: 11/01/2020 03:33:09 +00:00
Heap usage check at 11/01/2020 03:33:21 +00:00 , 59088688 bytes
GC: 11/01/2020 03:33:21 +00:00
Heap usage check at 11/01/2020 03:33:34 +00:00 , 59096224 bytes
GC: 11/01/2020 03:33:34 +00:00
Heap usage check at 11/01/2020 03:33:47 +00:00 , 59095688 bytes
GC: 11/01/2020 03:33:47 +00:00
Heap usage check at 11/01/2020 03:34:00 +00:00 , 59104864 bytes
GC: 11/01/2020 03:34:00 +00:00
Heap usage check at 11/01/2020 03:34:13 +00:00 , 59101056 bytes
GC: 11/01/2020 03:34:13 +00:00
Heap usage check at 11/01/2020 03:34:25 +00:00 , 59100456 bytes
GC: 11/01/2020 03:34:25 +00:00
Heap usage check at 11/01/2020 03:34:38 +00:00 , 59101000 bytes
GC: 11/01/2020 03:34:38 +00:00
Heap usage check at 11/01/2020 03:34:51 +00:00 , 59100760 bytes
GC: 11/01/2020 03:34:51 +00:00
Heap usage check at 11/01/2020 03:35:04 +00:00 , 59557592 bytes
GC: 11/01/2020 03:35:04 +00:00
Heap usage check at 11/01/2020 03:35:17 +00:00 , 58666816 bytes
GC: 11/01/2020 03:35:17 +00:00
Heap usage check at 11/01/2020 03:35:29 +00:00 , 58697832 bytes
GC: 11/01/2020 03:35:29 +00:00
Heap usage check at 11/01/2020 03:35:42 +00:00 , 58670712 bytes
GC: 11/01/2020 03:35:42 +00:00
Heap usage check at 11/01/2020 03:35:55 +00:00 , 58669048 bytes
GC: 11/01/2020 03:35:55 +00:00
Heap usage check at 11/01/2020 03:36:08 +00:00 , 58679680 bytes
GC: 11/01/2020 03:36:08 +00:00
Heap usage check at 11/01/2020 03:36:21 +00:00 , 58938144 bytes
GC: 11/01/2020 03:36:21 +00:00
Heap usage check at 11/01/2020 03:36:33 +00:00 , 58671184 bytes
GC: 11/01/2020 03:36:33 +00:00
Heap usage check at 11/01/2020 03:36:46 +00:00 , 58669352 bytes
GC: 11/01/2020 03:36:46 +00:00
Heap usage check at 11/01/2020 03:36:59 +00:00 , 59119152 bytes
GC: 11/01/2020 03:36:59 +00:00
Heap usage check at 11/01/2020 03:37:12 +00:00 , 59119232 bytes
GC: 11/01/2020 03:37:12 +00:00
Heap usage check at 11/01/2020 03:37:25 +00:00 , 59111088 bytes
GC: 11/01/2020 03:37:25 +00:00
Heap usage check at 11/01/2020 03:37:38 +00:00 , 59126104 bytes
GC: 11/01/2020 03:37:38 +00:00
Heap usage check at 11/01/2020 03:37:50 +00:00 , 59121288 bytes
GC: 11/01/2020 03:37:50 +00:00
Heap usage check at 11/01/2020 03:38:03 +00:00 , 59129536 bytes
GC: 11/01/2020 03:38:03 +00:00
Heap usage check at 11/01/2020 03:38:16 +00:00 , 59129744 bytes
GC: 11/01/2020 03:38:16 +00:00
Heap usage check at 11/01/2020 03:38:29 +00:00 , 59119680 bytes
GC: 11/01/2020 03:38:29 +00:00
Heap usage check at 11/01/2020 03:38:42 +00:00 , 59135536 bytes
GC: 11/01/2020 03:38:42 +00:00
Heap usage check at 11/01/2020 03:38:54 +00:00 , 59120416 bytes
GC: 11/01/2020 03:38:54 +00:00
Heap usage check at 11/01/2020 03:39:07 +00:00 , 59118328 bytes
GC: 11/01/2020 03:39:07 +00:00
Heap usage check at 11/01/2020 03:39:20 +00:00 , 59127368 bytes
GC: 11/01/2020 03:39:20 +00:00
Heap usage check at 11/01/2020 03:39:33 +00:00 , 59121264 bytes
GC: 11/01/2020 03:39:33 +00:00
Heap usage check at 11/01/2020 03:39:46 +00:00 , 59121240 bytes
GC: 11/01/2020 03:39:46 +00:00
Heap usage check at 11/01/2020 03:39:58 +00:00 , 59127368 bytes
GC: 11/01/2020 03:39:58 +00:00
Heap usage check at 11/01/2020 03:40:11 +00:00 , 59136712 bytes
GC: 11/01/2020 03:40:11 +00:00
[40m[32minfo[39m[22m[49m: Microsoft.Hosting.Lifetime[0]
      Application is shutting down...
