Server GC Enabled: True
[40m[32minfo[39m[22m[49m: Microsoft.Hosting.Lifetime[0]
      Now listening on: http://[::]:8080
[40m[32minfo[39m[22m[49m: Microsoft.Hosting.Lifetime[0]
      Application started. Press Ctrl+C to shut down.
[40m[32minfo[39m[22m[49m: Microsoft.Hosting.Lifetime[0]
      Hosting environment: Development
[40m[32minfo[39m[22m[49m: Microsoft.Hosting.Lifetime[0]
      Content root path: /home/debian/garbage-generator/GarbageGenerator
[40m[1m[33mwarn[39m[22m[49m: Microsoft.AspNetCore.HttpsPolicy.HttpsRedirectionMiddleware[3]
      Failed to determine the https port for redirect.
Heap usage check at 11/01/2020 06:37:53 +00:00 , 35221312 bytes
Heap usage check at 11/01/2020 06:38:05 +00:00 , 68550240 bytes
Heap usage check at 11/01/2020 06:38:18 +00:00 , 102147576 bytes
Heap usage check at 11/01/2020 06:38:31 +00:00 , 135210832 bytes
Heap usage check at 11/01/2020 06:38:44 +00:00 , 168529288 bytes
GC: 11/01/2020 06:38:44 +00:00
Heap usage check at 11/01/2020 06:38:57 +00:00 , 34275208 bytes
Heap usage check at 11/01/2020 06:39:09 +00:00 , 67590296 bytes
Heap usage check at 11/01/2020 06:39:22 +00:00 , 100915048 bytes
Heap usage check at 11/01/2020 06:39:35 +00:00 , 134233592 bytes
GC: 11/01/2020 06:39:35 +00:00
Heap usage check at 11/01/2020 06:39:48 +00:00 , 34259664 bytes
Heap usage check at 11/01/2020 06:40:01 +00:00 , 67569456 bytes
Heap usage check at 11/01/2020 06:40:13 +00:00 , 100899792 bytes
GC: 11/01/2020 06:40:13 +00:00
Heap usage check at 11/01/2020 06:40:26 +00:00 , 34250888 bytes
Heap usage check at 11/01/2020 06:40:39 +00:00 , 67575888 bytes
Heap usage check at 11/01/2020 06:40:52 +00:00 , 100891344 bytes
GC: 11/01/2020 06:40:52 +00:00
Heap usage check at 11/01/2020 06:41:05 +00:00 , 34263048 bytes
Heap usage check at 11/01/2020 06:41:17 +00:00 , 67568840 bytes
Heap usage check at 11/01/2020 06:41:30 +00:00 , 100891832 bytes
Heap usage check at 11/01/2020 06:41:43 +00:00 , 134218416 bytes
GC: 11/01/2020 06:41:43 +00:00
Heap usage check at 11/01/2020 06:42:21 +00:00 , 100889480 bytes
Heap usage check at 11/01/2020 06:43:00 +00:00 , 200834888 bytes
GC: 11/01/2020 06:43:00 +00:00
Heap usage check at 11/01/2020 06:43:38 +00:00 , 100867336 bytes
Heap usage check at 11/01/2020 06:44:17 +00:00 , 200794280 bytes
GC: 11/01/2020 06:44:17 +00:00
Heap usage check at 11/01/2020 06:44:55 +00:00 , 100905392 bytes
GC: 11/01/2020 06:44:55 +00:00
Heap usage check at 11/01/2020 06:45:33 +00:00 , 100906704 bytes
GC: 11/01/2020 06:45:33 +00:00
Heap usage check at 11/01/2020 06:46:12 +00:00 , 100905992 bytes
GC: 11/01/2020 06:46:12 +00:00
Heap usage check at 11/01/2020 06:46:50 +00:00 , 100900000 bytes
GC: 11/01/2020 06:46:50 +00:00
Heap usage check at 11/01/2020 06:47:29 +00:00 , 100897520 bytes
GC: 11/01/2020 06:47:29 +00:00
[40m[32minfo[39m[22m[49m: Microsoft.Hosting.Lifetime[0]
      Application is shutting down...
