Server GC Enabled: True
[40m[32minfo[39m[22m[49m: Microsoft.Hosting.Lifetime[0]
      Now listening on: http://[::]:8080
[40m[32minfo[39m[22m[49m: Microsoft.Hosting.Lifetime[0]
      Application started. Press Ctrl+C to shut down.
[40m[32minfo[39m[22m[49m: Microsoft.Hosting.Lifetime[0]
      Hosting environment: Development
[40m[32minfo[39m[22m[49m: Microsoft.Hosting.Lifetime[0]
      Content root path: /home/debian/garbage-generator/GarbageGenerator
[40m[1m[33mwarn[39m[22m[49m: Microsoft.AspNetCore.HttpsPolicy.HttpsRedirectionMiddleware[3]
      Failed to determine the https port for redirect.
Heap usage check at 11/01/2020 04:56:01 +00:00 , 35238184 bytes
Heap usage check at 11/01/2020 04:56:14 +00:00 , 68550304 bytes
Heap usage check at 11/01/2020 04:56:27 +00:00 , 101870208 bytes
Heap usage check at 11/01/2020 04:56:40 +00:00 , 135212456 bytes
Heap usage check at 11/01/2020 04:56:53 +00:00 , 168528456 bytes
Heap usage check at 11/01/2020 04:57:05 +00:00 , 201857960 bytes
GC: 11/01/2020 04:57:05 +00:00
Heap usage check at 11/01/2020 04:57:18 +00:00 , 34293440 bytes
Heap usage check at 11/01/2020 04:57:31 +00:00 , 67616520 bytes
Heap usage check at 11/01/2020 04:57:44 +00:00 , 100944848 bytes
Heap usage check at 11/01/2020 04:57:57 +00:00 , 134251592 bytes
GC: 11/01/2020 04:57:57 +00:00
Heap usage check at 11/01/2020 04:58:09 +00:00 , 34260504 bytes
Heap usage check at 11/01/2020 04:58:22 +00:00 , 67582336 bytes
Heap usage check at 11/01/2020 04:58:35 +00:00 , 100911784 bytes
Heap usage check at 11/01/2020 04:58:48 +00:00 , 134245360 bytes
GC: 11/01/2020 04:58:48 +00:00
Heap usage check at 11/01/2020 04:59:01 +00:00 , 34257744 bytes
Heap usage check at 11/01/2020 04:59:13 +00:00 , 67568232 bytes
Heap usage check at 11/01/2020 04:59:26 +00:00 , 100889560 bytes
Heap usage check at 11/01/2020 04:59:39 +00:00 , 134207872 bytes
Heap usage check at 11/01/2020 04:59:52 +00:00 , 167532104 bytes
Heap usage check at 11/01/2020 05:00:05 +00:00 , 200834600 bytes
GC: 11/01/2020 05:00:05 +00:00
Heap usage check at 11/01/2020 05:00:17 +00:00 , 34259208 bytes
Heap usage check at 11/01/2020 05:00:30 +00:00 , 67577840 bytes
Heap usage check at 11/01/2020 05:00:43 +00:00 , 100907464 bytes
Heap usage check at 11/01/2020 05:00:56 +00:00 , 134219344 bytes
Heap usage check at 11/01/2020 05:01:09 +00:00 , 167532544 bytes
Heap usage check at 11/01/2020 05:01:21 +00:00 , 200870496 bytes
GC: 11/01/2020 05:01:21 +00:00
Heap usage check at 11/01/2020 05:02:13 +00:00 , 134208224 bytes
GC: 11/01/2020 05:02:13 +00:00
Heap usage check at 11/01/2020 05:03:04 +00:00 , 134187000 bytes
GC: 11/01/2020 05:03:04 +00:00
Heap usage check at 11/01/2020 05:03:55 +00:00 , 134210520 bytes
Heap usage check at 11/01/2020 05:04:46 +00:00 , 267449024 bytes
GC: 11/01/2020 05:04:46 +00:00
Heap usage check at 11/01/2020 05:05:37 +00:00 , 134191208 bytes
GC: 11/01/2020 05:05:37 +00:00
[40m[32minfo[39m[22m[49m: Microsoft.Hosting.Lifetime[0]
      Application is shutting down...
