Server GC Enabled: True
[40m[32minfo[39m[22m[49m: Microsoft.Hosting.Lifetime[0]
      Now listening on: http://[::]:8080
[40m[32minfo[39m[22m[49m: Microsoft.Hosting.Lifetime[0]
      Application started. Press Ctrl+C to shut down.
[40m[32minfo[39m[22m[49m: Microsoft.Hosting.Lifetime[0]
      Hosting environment: Development
[40m[32minfo[39m[22m[49m: Microsoft.Hosting.Lifetime[0]
      Content root path: /home/debian/garbage-generator/GarbageGenerator
[40m[1m[33mwarn[39m[22m[49m: Microsoft.AspNetCore.HttpsPolicy.HttpsRedirectionMiddleware[3]
      Failed to determine the https port for redirect.
Heap usage check at 11/01/2020 05:07:20 +00:00 , 35229528 bytes
Heap usage check at 11/01/2020 05:07:33 +00:00 , 68551336 bytes
Heap usage check at 11/01/2020 05:07:46 +00:00 , 101868072 bytes
Heap usage check at 11/01/2020 05:07:59 +00:00 , 135201800 bytes
GC: 11/01/2020 05:07:59 +00:00
Heap usage check at 11/01/2020 05:08:12 +00:00 , 34280160 bytes
Heap usage check at 11/01/2020 05:08:24 +00:00 , 67601264 bytes
Heap usage check at 11/01/2020 05:08:37 +00:00 , 100911704 bytes
GC: 11/01/2020 05:08:37 +00:00
Heap usage check at 11/01/2020 05:08:50 +00:00 , 34270040 bytes
Heap usage check at 11/01/2020 05:09:03 +00:00 , 67592552 bytes
Heap usage check at 11/01/2020 05:09:16 +00:00 , 100921952 bytes
GC: 11/01/2020 05:09:16 +00:00
Heap usage check at 11/01/2020 05:09:28 +00:00 , 34269656 bytes
Heap usage check at 11/01/2020 05:09:41 +00:00 , 67568200 bytes
Heap usage check at 11/01/2020 05:09:54 +00:00 , 100909080 bytes
Heap usage check at 11/01/2020 05:10:07 +00:00 , 134240664 bytes
GC: 11/01/2020 05:10:07 +00:00
Heap usage check at 11/01/2020 05:10:20 +00:00 , 34259520 bytes
Heap usage check at 11/01/2020 05:10:32 +00:00 , 67594088 bytes
Heap usage check at 11/01/2020 05:10:45 +00:00 , 100903496 bytes
Heap usage check at 11/01/2020 05:10:58 +00:00 , 134244808 bytes
Heap usage check at 11/01/2020 05:11:11 +00:00 , 167570736 bytes
Heap usage check at 11/01/2020 05:11:24 +00:00 , 200888264 bytes
GC: 11/01/2020 05:11:24 +00:00
Heap usage check at 11/01/2020 05:12:02 +00:00 , 100907456 bytes
Heap usage check at 11/01/2020 05:12:40 +00:00 , 200860848 bytes
GC: 11/01/2020 05:12:40 +00:00
Heap usage check at 11/01/2020 05:13:19 +00:00 , 100879232 bytes
Heap usage check at 11/01/2020 05:13:57 +00:00 , 200807808 bytes
GC: 11/01/2020 05:13:57 +00:00
Heap usage check at 11/01/2020 05:14:36 +00:00 , 100884632 bytes
GC: 11/01/2020 05:14:36 +00:00
Heap usage check at 11/01/2020 05:15:14 +00:00 , 100883312 bytes
GC: 11/01/2020 05:15:14 +00:00
Heap usage check at 11/01/2020 05:15:52 +00:00 , 100898016 bytes
GC: 11/01/2020 05:15:52 +00:00
Heap usage check at 11/01/2020 05:16:31 +00:00 , 100888280 bytes
GC: 11/01/2020 05:16:31 +00:00
[40m[32minfo[39m[22m[49m: Microsoft.Hosting.Lifetime[0]
      Application is shutting down...
