Server GC Enabled: True
[40m[32minfo[39m[22m[49m: Microsoft.Hosting.Lifetime[0]
      Now listening on: http://[::]:8080
[40m[32minfo[39m[22m[49m: Microsoft.Hosting.Lifetime[0]
      Application started. Press Ctrl+C to shut down.
[40m[32minfo[39m[22m[49m: Microsoft.Hosting.Lifetime[0]
      Hosting environment: Development
[40m[32minfo[39m[22m[49m: Microsoft.Hosting.Lifetime[0]
      Content root path: /home/debian/garbage-generator/GarbageGenerator
[40m[1m[33mwarn[39m[22m[49m: Microsoft.AspNetCore.HttpsPolicy.HttpsRedirectionMiddleware[3]
      Failed to determine the https port for redirect.
Heap usage check at 11/01/2020 05:41:18 +00:00 , 35241432 bytes
Heap usage check at 11/01/2020 05:41:30 +00:00 , 68567560 bytes
Heap usage check at 11/01/2020 05:41:43 +00:00 , 101872904 bytes
Heap usage check at 11/01/2020 05:41:56 +00:00 , 135227568 bytes
GC: 11/01/2020 05:41:56 +00:00
Heap usage check at 11/01/2020 05:42:09 +00:00 , 34299552 bytes
Heap usage check at 11/01/2020 05:42:22 +00:00 , 67620000 bytes
Heap usage check at 11/01/2020 05:42:34 +00:00 , 100929448 bytes
Heap usage check at 11/01/2020 05:42:47 +00:00 , 134251360 bytes
GC: 11/01/2020 05:42:47 +00:00
Heap usage check at 11/01/2020 05:43:00 +00:00 , 34268544 bytes
Heap usage check at 11/01/2020 05:43:13 +00:00 , 67579752 bytes
Heap usage check at 11/01/2020 05:43:26 +00:00 , 100895656 bytes
Heap usage check at 11/01/2020 05:43:38 +00:00 , 134224024 bytes
Heap usage check at 11/01/2020 05:43:51 +00:00 , 167543144 bytes
GC: 11/01/2020 05:43:51 +00:00
Heap usage check at 11/01/2020 05:44:04 +00:00 , 34248976 bytes
Heap usage check at 11/01/2020 05:44:17 +00:00 , 67571840 bytes
Heap usage check at 11/01/2020 05:44:30 +00:00 , 100889128 bytes
Heap usage check at 11/01/2020 05:44:42 +00:00 , 134207680 bytes
Heap usage check at 11/01/2020 05:44:55 +00:00 , 167524624 bytes
GC: 11/01/2020 05:44:55 +00:00
Heap usage check at 11/01/2020 05:45:08 +00:00 , 34258192 bytes
Heap usage check at 11/01/2020 05:45:21 +00:00 , 67573728 bytes
Heap usage check at 11/01/2020 05:45:34 +00:00 , 101155960 bytes
Heap usage check at 11/01/2020 05:45:46 +00:00 , 134209960 bytes
GC: 11/01/2020 05:45:46 +00:00
Heap usage check at 11/01/2020 05:46:38 +00:00 , 134183656 bytes
GC: 11/01/2020 05:46:38 +00:00
Heap usage check at 11/01/2020 05:47:29 +00:00 , 134193392 bytes
GC: 11/01/2020 05:47:29 +00:00
Heap usage check at 11/01/2020 05:48:20 +00:00 , 134215864 bytes
GC: 11/01/2020 05:48:20 +00:00
Heap usage check at 11/01/2020 05:49:11 +00:00 , 134195968 bytes
GC: 11/01/2020 05:49:11 +00:00
Heap usage check at 11/01/2020 05:50:02 +00:00 , 134192416 bytes
GC: 11/01/2020 05:50:02 +00:00
Heap usage check at 11/01/2020 05:50:54 +00:00 , 134192904 bytes
GC: 11/01/2020 05:50:54 +00:00
[40m[32minfo[39m[22m[49m: Microsoft.Hosting.Lifetime[0]
      Application is shutting down...
