Server GC Enabled: True
[40m[32minfo[39m[22m[49m: Microsoft.Hosting.Lifetime[0]
      Now listening on: http://[::]:8080
[40m[32minfo[39m[22m[49m: Microsoft.Hosting.Lifetime[0]
      Application started. Press Ctrl+C to shut down.
[40m[32minfo[39m[22m[49m: Microsoft.Hosting.Lifetime[0]
      Hosting environment: Development
[40m[32minfo[39m[22m[49m: Microsoft.Hosting.Lifetime[0]
      Content root path: /home/debian/garbage-generator/GarbageGenerator
[40m[1m[33mwarn[39m[22m[49m: Microsoft.AspNetCore.HttpsPolicy.HttpsRedirectionMiddleware[3]
      Failed to determine the https port for redirect.
Heap usage check at 11/01/2020 06:49:12 +00:00 , 35199672 bytes
Heap usage check at 11/01/2020 06:49:25 +00:00 , 68517000 bytes
Heap usage check at 11/01/2020 06:49:37 +00:00 , 101832664 bytes
Heap usage check at 11/01/2020 06:49:50 +00:00 , 135159176 bytes
GC: 11/01/2020 06:49:50 +00:00
Heap usage check at 11/01/2020 06:50:03 +00:00 , 34277072 bytes
Heap usage check at 11/01/2020 06:50:16 +00:00 , 67597688 bytes
Heap usage check at 11/01/2020 06:50:29 +00:00 , 100919176 bytes
GC: 11/01/2020 06:50:29 +00:00
Heap usage check at 11/01/2020 06:50:41 +00:00 , 34268376 bytes
Heap usage check at 11/01/2020 06:50:54 +00:00 , 67589888 bytes
Heap usage check at 11/01/2020 06:51:07 +00:00 , 100918688 bytes
GC: 11/01/2020 06:51:07 +00:00
Heap usage check at 11/01/2020 06:51:20 +00:00 , 34257112 bytes
Heap usage check at 11/01/2020 06:51:33 +00:00 , 67574056 bytes
Heap usage check at 11/01/2020 06:51:45 +00:00 , 100902448 bytes
Heap usage check at 11/01/2020 06:51:58 +00:00 , 134223616 bytes
GC: 11/01/2020 06:51:58 +00:00
Heap usage check at 11/01/2020 06:52:11 +00:00 , 34254096 bytes
Heap usage check at 11/01/2020 06:52:24 +00:00 , 67565240 bytes
Heap usage check at 11/01/2020 06:52:37 +00:00 , 100885456 bytes
Heap usage check at 11/01/2020 06:52:49 +00:00 , 134226824 bytes
GC: 11/01/2020 06:52:49 +00:00
Heap usage check at 11/01/2020 06:53:28 +00:00 , 100894088 bytes
Heap usage check at 11/01/2020 06:54:06 +00:00 , 200844768 bytes
GC: 11/01/2020 06:54:06 +00:00
Heap usage check at 11/01/2020 06:54:45 +00:00 , 100943904 bytes
Heap usage check at 11/01/2020 06:55:23 +00:00 , 201184768 bytes
GC: 11/01/2020 06:55:23 +00:00
Heap usage check at 11/01/2020 06:56:01 +00:00 , 101159824 bytes
Heap usage check at 11/01/2020 06:56:40 +00:00 , 201106120 bytes
GC: 11/01/2020 06:56:40 +00:00
Heap usage check at 11/01/2020 06:57:31 +00:00 , 134454480 bytes
Heap usage check at 11/01/2020 06:58:22 +00:00 , 267682352 bytes
GC: 11/01/2020 06:58:22 +00:00
[40m[32minfo[39m[22m[49m: Microsoft.Hosting.Lifetime[0]
      Application is shutting down...
