Server GC Enabled: True
[40m[32minfo[39m[22m[49m: Microsoft.Hosting.Lifetime[0]
      Now listening on: http://[::]:8080
[40m[32minfo[39m[22m[49m: Microsoft.Hosting.Lifetime[0]
      Application started. Press Ctrl+C to shut down.
[40m[32minfo[39m[22m[49m: Microsoft.Hosting.Lifetime[0]
      Hosting environment: Development
[40m[32minfo[39m[22m[49m: Microsoft.Hosting.Lifetime[0]
      Content root path: /home/debian/garbage-generator/GarbageGenerator
[40m[1m[33mwarn[39m[22m[49m: Microsoft.AspNetCore.HttpsPolicy.HttpsRedirectionMiddleware[3]
      Failed to determine the https port for redirect.
Heap usage check at 11/01/2020 05:29:59 +00:00 , 35219832 bytes
Heap usage check at 11/01/2020 05:30:11 +00:00 , 68541904 bytes
Heap usage check at 11/01/2020 05:30:24 +00:00 , 101884576 bytes
Heap usage check at 11/01/2020 05:30:37 +00:00 , 135204248 bytes
GC: 11/01/2020 05:30:37 +00:00
Heap usage check at 11/01/2020 05:30:50 +00:00 , 34296408 bytes
Heap usage check at 11/01/2020 05:31:03 +00:00 , 67637840 bytes
Heap usage check at 11/01/2020 05:31:15 +00:00 , 100958856 bytes
Heap usage check at 11/01/2020 05:31:28 +00:00 , 134272192 bytes
GC: 11/01/2020 05:31:28 +00:00
Heap usage check at 11/01/2020 05:31:41 +00:00 , 34259952 bytes
Heap usage check at 11/01/2020 05:31:54 +00:00 , 67588920 bytes
Heap usage check at 11/01/2020 05:32:07 +00:00 , 100908840 bytes
Heap usage check at 11/01/2020 05:32:19 +00:00 , 134245032 bytes
GC: 11/01/2020 05:32:19 +00:00
Heap usage check at 11/01/2020 05:32:32 +00:00 , 34269200 bytes
Heap usage check at 11/01/2020 05:32:45 +00:00 , 67583608 bytes
Heap usage check at 11/01/2020 05:32:58 +00:00 , 100896472 bytes
GC: 11/01/2020 05:32:58 +00:00
Heap usage check at 11/01/2020 05:33:11 +00:00 , 34252992 bytes
Heap usage check at 11/01/2020 05:33:23 +00:00 , 67571552 bytes
Heap usage check at 11/01/2020 05:33:36 +00:00 , 100895496 bytes
Heap usage check at 11/01/2020 05:33:49 +00:00 , 134202896 bytes
GC: 11/01/2020 05:33:49 +00:00
Heap usage check at 11/01/2020 05:34:27 +00:00 , 100873104 bytes
Heap usage check at 11/01/2020 05:35:06 +00:00 , 200798720 bytes
GC: 11/01/2020 05:35:06 +00:00
Heap usage check at 11/01/2020 05:35:44 +00:00 , 100893952 bytes
Heap usage check at 11/01/2020 05:36:23 +00:00 , 200835504 bytes
GC: 11/01/2020 05:36:23 +00:00
Heap usage check at 11/01/2020 05:37:01 +00:00 , 100886896 bytes
GC: 11/01/2020 05:37:01 +00:00
Heap usage check at 11/01/2020 05:37:39 +00:00 , 100888952 bytes
GC: 11/01/2020 05:37:39 +00:00
Heap usage check at 11/01/2020 05:38:18 +00:00 , 100885136 bytes
GC: 11/01/2020 05:38:18 +00:00
Heap usage check at 11/01/2020 05:38:56 +00:00 , 100880992 bytes
GC: 11/01/2020 05:38:56 +00:00
Heap usage check at 11/01/2020 05:39:35 +00:00 , 100891728 bytes
GC: 11/01/2020 05:39:35 +00:00
[40m[32minfo[39m[22m[49m: Microsoft.Hosting.Lifetime[0]
      Application is shutting down...
