Server GC Enabled: True
[40m[32minfo[39m[22m[49m: Microsoft.Hosting.Lifetime[0]
      Now listening on: http://[::]:8080
[40m[32minfo[39m[22m[49m: Microsoft.Hosting.Lifetime[0]
      Application started. Press Ctrl+C to shut down.
[40m[32minfo[39m[22m[49m: Microsoft.Hosting.Lifetime[0]
      Hosting environment: Development
[40m[32minfo[39m[22m[49m: Microsoft.Hosting.Lifetime[0]
      Content root path: /home/debian/garbage-generator/GarbageGenerator
[40m[1m[33mwarn[39m[22m[49m: Microsoft.AspNetCore.HttpsPolicy.HttpsRedirectionMiddleware[3]
      Failed to determine the https port for redirect.
Heap usage check at 11/01/2020 06:15:14 +00:00 , 35225936 bytes
Heap usage check at 11/01/2020 06:15:27 +00:00 , 68553936 bytes
Heap usage check at 11/01/2020 06:15:40 +00:00 , 101886440 bytes
Heap usage check at 11/01/2020 06:15:53 +00:00 , 135217136 bytes
GC: 11/01/2020 06:15:53 +00:00
Heap usage check at 11/01/2020 06:16:06 +00:00 , 34296104 bytes
Heap usage check at 11/01/2020 06:16:18 +00:00 , 67604768 bytes
Heap usage check at 11/01/2020 06:16:31 +00:00 , 100921944 bytes
Heap usage check at 11/01/2020 06:16:44 +00:00 , 134242888 bytes
Heap usage check at 11/01/2020 06:16:57 +00:00 , 167569344 bytes
GC: 11/01/2020 06:16:57 +00:00
Heap usage check at 11/01/2020 06:17:10 +00:00 , 34276448 bytes
Heap usage check at 11/01/2020 06:17:22 +00:00 , 67592280 bytes
Heap usage check at 11/01/2020 06:17:35 +00:00 , 100908928 bytes
Heap usage check at 11/01/2020 06:17:48 +00:00 , 134227872 bytes
Heap usage check at 11/01/2020 06:18:01 +00:00 , 167549896 bytes
GC: 11/01/2020 06:18:01 +00:00
Heap usage check at 11/01/2020 06:18:14 +00:00 , 34253016 bytes
Heap usage check at 11/01/2020 06:18:26 +00:00 , 67578792 bytes
Heap usage check at 11/01/2020 06:18:39 +00:00 , 100891944 bytes
Heap usage check at 11/01/2020 06:18:52 +00:00 , 134203208 bytes
Heap usage check at 11/01/2020 06:19:05 +00:00 , 167526504 bytes
GC: 11/01/2020 06:19:05 +00:00
Heap usage check at 11/01/2020 06:19:18 +00:00 , 34252776 bytes
Heap usage check at 11/01/2020 06:19:30 +00:00 , 67564160 bytes
Heap usage check at 11/01/2020 06:19:43 +00:00 , 100896736 bytes
Heap usage check at 11/01/2020 06:19:56 +00:00 , 134212632 bytes
GC: 11/01/2020 06:19:56 +00:00
Heap usage check at 11/01/2020 06:20:47 +00:00 , 134178160 bytes
GC: 11/01/2020 06:20:47 +00:00
Heap usage check at 11/01/2020 06:21:38 +00:00 , 134217488 bytes
GC: 11/01/2020 06:21:38 +00:00
Heap usage check at 11/01/2020 06:22:30 +00:00 , 134204120 bytes
GC: 11/01/2020 06:22:30 +00:00
Heap usage check at 11/01/2020 06:23:21 +00:00 , 134185944 bytes
GC: 11/01/2020 06:23:21 +00:00
Heap usage check at 11/01/2020 06:24:12 +00:00 , 134185456 bytes
GC: 11/01/2020 06:24:12 +00:00
[40m[32minfo[39m[22m[49m: Microsoft.Hosting.Lifetime[0]
      Application is shutting down...
