Server GC Enabled: True
[40m[32minfo[39m[22m[49m: Microsoft.Hosting.Lifetime[0]
      Now listening on: http://[::]:8080
[40m[32minfo[39m[22m[49m: Microsoft.Hosting.Lifetime[0]
      Application started. Press Ctrl+C to shut down.
[40m[32minfo[39m[22m[49m: Microsoft.Hosting.Lifetime[0]
      Hosting environment: Development
[40m[32minfo[39m[22m[49m: Microsoft.Hosting.Lifetime[0]
      Content root path: /home/debian/garbage-generator/GarbageGenerator
[40m[1m[33mwarn[39m[22m[49m: Microsoft.AspNetCore.HttpsPolicy.HttpsRedirectionMiddleware[3]
      Failed to determine the https port for redirect.
Heap usage check at 11/01/2020 07:23:20 +00:00 , 35224776 bytes
Heap usage check at 11/01/2020 07:23:33 +00:00 , 68538928 bytes
Heap usage check at 11/01/2020 07:23:46 +00:00 , 101859968 bytes
GC: 11/01/2020 07:23:46 +00:00
Heap usage check at 11/01/2020 07:23:59 +00:00 , 34285200 bytes
Heap usage check at 11/01/2020 07:24:12 +00:00 , 67618328 bytes
Heap usage check at 11/01/2020 07:24:24 +00:00 , 100951904 bytes
GC: 11/01/2020 07:24:24 +00:00
Heap usage check at 11/01/2020 07:24:37 +00:00 , 34286696 bytes
Heap usage check at 11/01/2020 07:24:50 +00:00 , 67616728 bytes
Heap usage check at 11/01/2020 07:25:03 +00:00 , 100925328 bytes
GC: 11/01/2020 07:25:03 +00:00
Heap usage check at 11/01/2020 07:25:16 +00:00 , 34266872 bytes
Heap usage check at 11/01/2020 07:25:28 +00:00 , 67585960 bytes
Heap usage check at 11/01/2020 07:25:41 +00:00 , 100908752 bytes
GC: 11/01/2020 07:25:41 +00:00
Heap usage check at 11/01/2020 07:25:54 +00:00 , 34274088 bytes
Heap usage check at 11/01/2020 07:26:07 +00:00 , 67588712 bytes
Heap usage check at 11/01/2020 07:26:20 +00:00 , 100898456 bytes
Heap usage check at 11/01/2020 07:26:32 +00:00 , 134224184 bytes
GC: 11/01/2020 07:26:32 +00:00
Heap usage check at 11/01/2020 07:27:11 +00:00 , 100875920 bytes
GC: 11/01/2020 07:27:11 +00:00
Heap usage check at 11/01/2020 07:27:49 +00:00 , 100893168 bytes
GC: 11/01/2020 07:27:49 +00:00
Heap usage check at 11/01/2020 07:28:28 +00:00 , 100876304 bytes
GC: 11/01/2020 07:28:28 +00:00
Heap usage check at 11/01/2020 07:29:06 +00:00 , 100941184 bytes
GC: 11/01/2020 07:29:06 +00:00
Heap usage check at 11/01/2020 07:29:44 +00:00 , 100868488 bytes
GC: 11/01/2020 07:29:44 +00:00
Heap usage check at 11/01/2020 07:30:23 +00:00 , 100900648 bytes
GC: 11/01/2020 07:30:23 +00:00
Heap usage check at 11/01/2020 07:31:01 +00:00 , 100884448 bytes
GC: 11/01/2020 07:31:01 +00:00
Heap usage check at 11/01/2020 07:31:40 +00:00 , 100886056 bytes
GC: 11/01/2020 07:31:40 +00:00
Heap usage check at 11/01/2020 07:32:18 +00:00 , 100887992 bytes
GC: 11/01/2020 07:32:18 +00:00
Heap usage check at 11/01/2020 07:32:56 +00:00 , 100898208 bytes
GC: 11/01/2020 07:32:56 +00:00
[40m[32minfo[39m[22m[49m: Microsoft.Hosting.Lifetime[0]
      Application is shutting down...
