Server GC Enabled: True
[40m[32minfo[39m[22m[49m: Microsoft.Hosting.Lifetime[0]
      Now listening on: http://[::]:8080
[40m[32minfo[39m[22m[49m: Microsoft.Hosting.Lifetime[0]
      Application started. Press Ctrl+C to shut down.
[40m[32minfo[39m[22m[49m: Microsoft.Hosting.Lifetime[0]
      Hosting environment: Development
[40m[32minfo[39m[22m[49m: Microsoft.Hosting.Lifetime[0]
      Content root path: /home/debian/garbage-generator/GarbageGenerator
[40m[1m[33mwarn[39m[22m[49m: Microsoft.AspNetCore.HttpsPolicy.HttpsRedirectionMiddleware[3]
      Failed to determine the https port for redirect.
Heap usage check at 11/01/2020 06:49:12 +00:00 , 35212368 bytes
Heap usage check at 11/01/2020 06:49:25 +00:00 , 68530976 bytes
Heap usage check at 11/01/2020 06:49:37 +00:00 , 101850048 bytes
GC: 11/01/2020 06:49:37 +00:00
Heap usage check at 11/01/2020 06:49:50 +00:00 , 34282216 bytes
Heap usage check at 11/01/2020 06:50:03 +00:00 , 67606544 bytes
Heap usage check at 11/01/2020 06:50:16 +00:00 , 100932168 bytes
GC: 11/01/2020 06:50:16 +00:00
Heap usage check at 11/01/2020 06:50:29 +00:00 , 34293320 bytes
Heap usage check at 11/01/2020 06:50:41 +00:00 , 67602008 bytes
Heap usage check at 11/01/2020 06:50:54 +00:00 , 100914088 bytes
Heap usage check at 11/01/2020 06:51:07 +00:00 , 134246568 bytes
GC: 11/01/2020 06:51:07 +00:00
Heap usage check at 11/01/2020 06:51:20 +00:00 , 34266400 bytes
Heap usage check at 11/01/2020 06:51:33 +00:00 , 67592800 bytes
Heap usage check at 11/01/2020 06:51:45 +00:00 , 100916544 bytes
GC: 11/01/2020 06:51:45 +00:00
Heap usage check at 11/01/2020 06:51:58 +00:00 , 34253096 bytes
Heap usage check at 11/01/2020 06:52:11 +00:00 , 67570040 bytes
Heap usage check at 11/01/2020 06:52:24 +00:00 , 100889152 bytes
Heap usage check at 11/01/2020 06:52:37 +00:00 , 134205256 bytes
GC: 11/01/2020 06:52:37 +00:00
Heap usage check at 11/01/2020 06:53:15 +00:00 , 100890888 bytes
Heap usage check at 11/01/2020 06:53:53 +00:00 , 200837424 bytes
GC: 11/01/2020 06:53:53 +00:00
Heap usage check at 11/01/2020 06:54:32 +00:00 , 100879664 bytes
GC: 11/01/2020 06:54:32 +00:00
Heap usage check at 11/01/2020 06:55:10 +00:00 , 100885096 bytes
GC: 11/01/2020 06:55:10 +00:00
Heap usage check at 11/01/2020 06:55:49 +00:00 , 100893224 bytes
GC: 11/01/2020 06:55:49 +00:00
Heap usage check at 11/01/2020 06:56:27 +00:00 , 100902808 bytes
GC: 11/01/2020 06:56:27 +00:00
Heap usage check at 11/01/2020 06:57:05 +00:00 , 100896864 bytes
GC: 11/01/2020 06:57:05 +00:00
Heap usage check at 11/01/2020 06:57:44 +00:00 , 100883152 bytes
GC: 11/01/2020 06:57:44 +00:00
Heap usage check at 11/01/2020 06:58:22 +00:00 , 100881840 bytes
GC: 11/01/2020 06:58:22 +00:00
[40m[32minfo[39m[22m[49m: Microsoft.Hosting.Lifetime[0]
      Application is shutting down...
