Server GC Enabled: True
[40m[32minfo[39m[22m[49m: Microsoft.Hosting.Lifetime[0]
      Now listening on: http://[::]:8080
[40m[32minfo[39m[22m[49m: Microsoft.Hosting.Lifetime[0]
      Application started. Press Ctrl+C to shut down.
[40m[32minfo[39m[22m[49m: Microsoft.Hosting.Lifetime[0]
      Hosting environment: Development
[40m[32minfo[39m[22m[49m: Microsoft.Hosting.Lifetime[0]
      Content root path: /home/debian/garbage-generator/GarbageGenerator
[40m[1m[33mwarn[39m[22m[49m: Microsoft.AspNetCore.HttpsPolicy.HttpsRedirectionMiddleware[3]
      Failed to determine the https port for redirect.
Heap usage check at 11/01/2020 05:52:37 +00:00 , 35207848 bytes
Heap usage check at 11/01/2020 05:52:49 +00:00 , 68527832 bytes
Heap usage check at 11/01/2020 05:53:02 +00:00 , 101845064 bytes
Heap usage check at 11/01/2020 05:53:15 +00:00 , 135162920 bytes
Heap usage check at 11/01/2020 05:53:28 +00:00 , 168484704 bytes
GC: 11/01/2020 05:53:28 +00:00
Heap usage check at 11/01/2020 05:53:41 +00:00 , 34300392 bytes
Heap usage check at 11/01/2020 05:53:53 +00:00 , 67630528 bytes
Heap usage check at 11/01/2020 05:54:06 +00:00 , 100943816 bytes
Heap usage check at 11/01/2020 05:54:19 +00:00 , 134268912 bytes
Heap usage check at 11/01/2020 05:54:32 +00:00 , 167589248 bytes
GC: 11/01/2020 05:54:32 +00:00
Heap usage check at 11/01/2020 05:54:45 +00:00 , 34265088 bytes
Heap usage check at 11/01/2020 05:54:57 +00:00 , 67577440 bytes
Heap usage check at 11/01/2020 05:55:10 +00:00 , 100901960 bytes
Heap usage check at 11/01/2020 05:55:23 +00:00 , 134225704 bytes
Heap usage check at 11/01/2020 05:55:36 +00:00 , 167550264 bytes
GC: 11/01/2020 05:55:36 +00:00
Heap usage check at 11/01/2020 05:55:49 +00:00 , 34267632 bytes
Heap usage check at 11/01/2020 05:56:01 +00:00 , 67599304 bytes
Heap usage check at 11/01/2020 05:56:14 +00:00 , 100912704 bytes
Heap usage check at 11/01/2020 05:56:27 +00:00 , 134235736 bytes
GC: 11/01/2020 05:56:27 +00:00
Heap usage check at 11/01/2020 05:56:40 +00:00 , 34261264 bytes
Heap usage check at 11/01/2020 05:56:53 +00:00 , 67579648 bytes
Heap usage check at 11/01/2020 05:57:05 +00:00 , 100909768 bytes
GC: 11/01/2020 05:57:05 +00:00
Heap usage check at 11/01/2020 05:57:44 +00:00 , 100871384 bytes
GC: 11/01/2020 05:57:44 +00:00
Heap usage check at 11/01/2020 05:58:22 +00:00 , 100867456 bytes
Heap usage check at 11/01/2020 05:59:01 +00:00 , 200828392 bytes
GC: 11/01/2020 05:59:01 +00:00
Heap usage check at 11/01/2020 05:59:39 +00:00 , 100894880 bytes
Heap usage check at 11/01/2020 06:00:17 +00:00 , 200827040 bytes
GC: 11/01/2020 06:00:17 +00:00
Heap usage check at 11/01/2020 06:00:56 +00:00 , 100884576 bytes
Heap usage check at 11/01/2020 06:01:34 +00:00 , 200813896 bytes
GC: 11/01/2020 06:01:34 +00:00
Heap usage check at 11/01/2020 06:02:13 +00:00 , 100890760 bytes
GC: 11/01/2020 06:02:13 +00:00
[40m[32minfo[39m[22m[49m: Microsoft.Hosting.Lifetime[0]
      Application is shutting down...
