Server GC Enabled: True
[40m[32minfo[39m[22m[49m: Microsoft.Hosting.Lifetime[0]
      Now listening on: http://[::]:8080
[40m[32minfo[39m[22m[49m: Microsoft.Hosting.Lifetime[0]
      Application started. Press Ctrl+C to shut down.
[40m[32minfo[39m[22m[49m: Microsoft.Hosting.Lifetime[0]
      Hosting environment: Development
[40m[32minfo[39m[22m[49m: Microsoft.Hosting.Lifetime[0]
      Content root path: /home/debian/garbage-generator/GarbageGenerator
[40m[1m[33mwarn[39m[22m[49m: Microsoft.AspNetCore.HttpsPolicy.HttpsRedirectionMiddleware[3]
      Failed to determine the https port for redirect.
Heap usage check at 11/01/2020 07:12:01 +00:00 , 35215632 bytes
Heap usage check at 11/01/2020 07:12:14 +00:00 , 68543632 bytes
Heap usage check at 11/01/2020 07:12:27 +00:00 , 101852208 bytes
Heap usage check at 11/01/2020 07:12:40 +00:00 , 135169768 bytes
GC: 11/01/2020 07:12:40 +00:00
Heap usage check at 11/01/2020 07:12:52 +00:00 , 34306928 bytes
Heap usage check at 11/01/2020 07:13:05 +00:00 , 67645560 bytes
Heap usage check at 11/01/2020 07:13:18 +00:00 , 100960512 bytes
GC: 11/01/2020 07:13:18 +00:00
Heap usage check at 11/01/2020 07:13:31 +00:00 , 34266944 bytes
Heap usage check at 11/01/2020 07:13:44 +00:00 , 67587328 bytes
Heap usage check at 11/01/2020 07:13:56 +00:00 , 100910056 bytes
GC: 11/01/2020 07:13:56 +00:00
Heap usage check at 11/01/2020 07:14:09 +00:00 , 34262312 bytes
Heap usage check at 11/01/2020 07:14:22 +00:00 , 67856032 bytes
Heap usage check at 11/01/2020 07:14:35 +00:00 , 100916960 bytes
GC: 11/01/2020 07:14:35 +00:00
Heap usage check at 11/01/2020 07:14:48 +00:00 , 34268480 bytes
Heap usage check at 11/01/2020 07:15:00 +00:00 , 67582880 bytes
Heap usage check at 11/01/2020 07:15:13 +00:00 , 100903008 bytes
GC: 11/01/2020 07:15:13 +00:00
Heap usage check at 11/01/2020 07:15:52 +00:00 , 100877096 bytes
GC: 11/01/2020 07:15:52 +00:00
Heap usage check at 11/01/2020 07:16:30 +00:00 , 100867008 bytes
GC: 11/01/2020 07:16:30 +00:00
Heap usage check at 11/01/2020 07:17:08 +00:00 , 100859080 bytes
GC: 11/01/2020 07:17:08 +00:00
Heap usage check at 11/01/2020 07:17:47 +00:00 , 100878984 bytes
Heap usage check at 11/01/2020 07:18:25 +00:00 , 200806608 bytes
GC: 11/01/2020 07:18:25 +00:00
Heap usage check at 11/01/2020 07:19:04 +00:00 , 100903144 bytes
GC: 11/01/2020 07:19:04 +00:00
Heap usage check at 11/01/2020 07:19:42 +00:00 , 100887192 bytes
GC: 11/01/2020 07:19:42 +00:00
Heap usage check at 11/01/2020 07:20:20 +00:00 , 100896600 bytes
GC: 11/01/2020 07:20:20 +00:00
Heap usage check at 11/01/2020 07:20:59 +00:00 , 100888944 bytes
GC: 11/01/2020 07:20:59 +00:00
Heap usage check at 11/01/2020 07:21:37 +00:00 , 100890344 bytes
GC: 11/01/2020 07:21:37 +00:00
[40m[32minfo[39m[22m[49m: Microsoft.Hosting.Lifetime[0]
      Application is shutting down...
