Server GC Enabled: True
[40m[32minfo[39m[22m[49m: Microsoft.Hosting.Lifetime[0]
      Now listening on: http://[::]:8080
[40m[32minfo[39m[22m[49m: Microsoft.Hosting.Lifetime[0]
      Application started. Press Ctrl+C to shut down.
[40m[32minfo[39m[22m[49m: Microsoft.Hosting.Lifetime[0]
      Hosting environment: Development
[40m[32minfo[39m[22m[49m: Microsoft.Hosting.Lifetime[0]
      Content root path: /home/debian/garbage-generator/GarbageGenerator
[40m[1m[33mwarn[39m[22m[49m: Microsoft.AspNetCore.HttpsPolicy.HttpsRedirectionMiddleware[3]
      Failed to determine the https port for redirect.
Heap usage check at 11/01/2020 05:52:36 +00:00 , 35218936 bytes
Heap usage check at 11/01/2020 05:52:49 +00:00 , 68532736 bytes
Heap usage check at 11/01/2020 05:53:02 +00:00 , 101852304 bytes
Heap usage check at 11/01/2020 05:53:15 +00:00 , 135178392 bytes
Heap usage check at 11/01/2020 05:53:28 +00:00 , 168503000 bytes
Heap usage check at 11/01/2020 05:53:40 +00:00 , 201821576 bytes
GC: 11/01/2020 05:53:40 +00:00
Heap usage check at 11/01/2020 05:53:53 +00:00 , 34313696 bytes
Heap usage check at 11/01/2020 05:54:06 +00:00 , 67619568 bytes
Heap usage check at 11/01/2020 05:54:19 +00:00 , 100931592 bytes
Heap usage check at 11/01/2020 05:54:32 +00:00 , 134259456 bytes
Heap usage check at 11/01/2020 05:54:44 +00:00 , 167584936 bytes
GC: 11/01/2020 05:54:44 +00:00
Heap usage check at 11/01/2020 05:54:57 +00:00 , 34257168 bytes
Heap usage check at 11/01/2020 05:55:10 +00:00 , 67582352 bytes
Heap usage check at 11/01/2020 05:55:23 +00:00 , 100906392 bytes
Heap usage check at 11/01/2020 05:55:36 +00:00 , 134235240 bytes
Heap usage check at 11/01/2020 05:55:48 +00:00 , 167543288 bytes
GC: 11/01/2020 05:55:48 +00:00
Heap usage check at 11/01/2020 05:56:01 +00:00 , 34275056 bytes
Heap usage check at 11/01/2020 05:56:14 +00:00 , 67584168 bytes
Heap usage check at 11/01/2020 05:56:27 +00:00 , 100908240 bytes
Heap usage check at 11/01/2020 05:56:40 +00:00 , 134232904 bytes
Heap usage check at 11/01/2020 05:56:52 +00:00 , 167540816 bytes
GC: 11/01/2020 05:56:52 +00:00
Heap usage check at 11/01/2020 05:57:05 +00:00 , 34274104 bytes
Heap usage check at 11/01/2020 05:57:18 +00:00 , 67579296 bytes
Heap usage check at 11/01/2020 05:57:31 +00:00 , 100895048 bytes
Heap usage check at 11/01/2020 05:57:44 +00:00 , 134227824 bytes
GC: 11/01/2020 05:57:44 +00:00
Heap usage check at 11/01/2020 05:58:35 +00:00 , 134201168 bytes
GC: 11/01/2020 05:58:35 +00:00
Heap usage check at 11/01/2020 05:59:26 +00:00 , 134192616 bytes
GC: 11/01/2020 05:59:26 +00:00
Heap usage check at 11/01/2020 06:00:17 +00:00 , 134200512 bytes
GC: 11/01/2020 06:00:17 +00:00
Heap usage check at 11/01/2020 06:01:08 +00:00 , 134197592 bytes
GC: 11/01/2020 06:01:08 +00:00
Heap usage check at 11/01/2020 06:02:00 +00:00 , 134194432 bytes
GC: 11/01/2020 06:02:00 +00:00
[40m[32minfo[39m[22m[49m: Microsoft.Hosting.Lifetime[0]
      Application is shutting down...
