Server GC Enabled: True
[40m[32minfo[39m[22m[49m: Microsoft.Hosting.Lifetime[0]
      Now listening on: http://[::]:8080
[40m[32minfo[39m[22m[49m: Microsoft.Hosting.Lifetime[0]
      Application started. Press Ctrl+C to shut down.
[40m[32minfo[39m[22m[49m: Microsoft.Hosting.Lifetime[0]
      Hosting environment: Development
[40m[32minfo[39m[22m[49m: Microsoft.Hosting.Lifetime[0]
      Content root path: /home/debian/garbage-generator/GarbageGenerator
[40m[1m[33mwarn[39m[22m[49m: Microsoft.AspNetCore.HttpsPolicy.HttpsRedirectionMiddleware[3]
      Failed to determine the https port for redirect.
Heap usage check at 11/01/2020 06:03:55 +00:00 , 35245904 bytes
Heap usage check at 11/01/2020 06:04:08 +00:00 , 68560480 bytes
Heap usage check at 11/01/2020 06:04:21 +00:00 , 101872944 bytes
Heap usage check at 11/01/2020 06:04:34 +00:00 , 135198024 bytes
Heap usage check at 11/01/2020 06:04:47 +00:00 , 168527912 bytes
GC: 11/01/2020 06:04:47 +00:00
Heap usage check at 11/01/2020 06:04:59 +00:00 , 34279608 bytes
Heap usage check at 11/01/2020 06:05:12 +00:00 , 67614760 bytes
Heap usage check at 11/01/2020 06:05:25 +00:00 , 100936768 bytes
GC: 11/01/2020 06:05:25 +00:00
Heap usage check at 11/01/2020 06:05:38 +00:00 , 34273960 bytes
Heap usage check at 11/01/2020 06:05:51 +00:00 , 67590456 bytes
Heap usage check at 11/01/2020 06:06:04 +00:00 , 100904512 bytes
GC: 11/01/2020 06:06:04 +00:00
Heap usage check at 11/01/2020 06:06:16 +00:00 , 34269144 bytes
Heap usage check at 11/01/2020 06:06:29 +00:00 , 67588208 bytes
Heap usage check at 11/01/2020 06:06:42 +00:00 , 100909608 bytes
Heap usage check at 11/01/2020 06:06:55 +00:00 , 134239528 bytes
GC: 11/01/2020 06:06:55 +00:00
Heap usage check at 11/01/2020 06:07:07 +00:00 , 34275304 bytes
Heap usage check at 11/01/2020 06:07:20 +00:00 , 67582464 bytes
Heap usage check at 11/01/2020 06:07:33 +00:00 , 100895864 bytes
Heap usage check at 11/01/2020 06:07:46 +00:00 , 134217352 bytes
Heap usage check at 11/01/2020 06:07:59 +00:00 , 167551064 bytes
GC: 11/01/2020 06:07:59 +00:00
Heap usage check at 11/01/2020 06:08:37 +00:00 , 100888664 bytes
Heap usage check at 11/01/2020 06:09:15 +00:00 , 200807792 bytes
GC: 11/01/2020 06:09:15 +00:00
Heap usage check at 11/01/2020 06:09:54 +00:00 , 100865800 bytes
GC: 11/01/2020 06:09:54 +00:00
Heap usage check at 11/01/2020 06:10:32 +00:00 , 100902880 bytes
GC: 11/01/2020 06:10:32 +00:00
Heap usage check at 11/01/2020 06:11:11 +00:00 , 100903384 bytes
Heap usage check at 11/01/2020 06:11:49 +00:00 , 200827368 bytes
GC: 11/01/2020 06:11:49 +00:00
Heap usage check at 11/01/2020 06:12:27 +00:00 , 100877384 bytes
GC: 11/01/2020 06:12:27 +00:00
Heap usage check at 11/01/2020 06:13:06 +00:00 , 100885344 bytes
[40m[32minfo[39m[22m[49m: Microsoft.Hosting.Lifetime[0]
      Application is shutting down...
