Server GC Enabled: True
[40m[32minfo[39m[22m[49m: Microsoft.Hosting.Lifetime[0]
      Now listening on: http://[::]:8080
[40m[32minfo[39m[22m[49m: Microsoft.Hosting.Lifetime[0]
      Application started. Press Ctrl+C to shut down.
[40m[32minfo[39m[22m[49m: Microsoft.Hosting.Lifetime[0]
      Hosting environment: Development
[40m[32minfo[39m[22m[49m: Microsoft.Hosting.Lifetime[0]
      Content root path: /home/debian/garbage-generator/GarbageGenerator
[40m[1m[33mwarn[39m[22m[49m: Microsoft.AspNetCore.HttpsPolicy.HttpsRedirectionMiddleware[3]
      Failed to determine the https port for redirect.
Heap usage check at 11/01/2020 05:18:40 +00:00 , 35219848 bytes
Heap usage check at 11/01/2020 05:18:52 +00:00 , 68549008 bytes
Heap usage check at 11/01/2020 05:19:05 +00:00 , 101864304 bytes
Heap usage check at 11/01/2020 05:19:18 +00:00 , 135198744 bytes
Heap usage check at 11/01/2020 05:19:31 +00:00 , 168523920 bytes
GC: 11/01/2020 05:19:31 +00:00
Heap usage check at 11/01/2020 05:19:44 +00:00 , 34294440 bytes
Heap usage check at 11/01/2020 05:19:56 +00:00 , 67599744 bytes
Heap usage check at 11/01/2020 05:20:09 +00:00 , 100937744 bytes
Heap usage check at 11/01/2020 05:20:22 +00:00 , 134260960 bytes
Heap usage check at 11/01/2020 05:20:35 +00:00 , 167572200 bytes
GC: 11/01/2020 05:20:35 +00:00
Heap usage check at 11/01/2020 05:20:48 +00:00 , 34283616 bytes
Heap usage check at 11/01/2020 05:21:00 +00:00 , 67595288 bytes
Heap usage check at 11/01/2020 05:21:13 +00:00 , 100913040 bytes
Heap usage check at 11/01/2020 05:21:26 +00:00 , 134236192 bytes
GC: 11/01/2020 05:21:26 +00:00
Heap usage check at 11/01/2020 05:21:39 +00:00 , 34528056 bytes
Heap usage check at 11/01/2020 05:21:52 +00:00 , 67580600 bytes
Heap usage check at 11/01/2020 05:22:04 +00:00 , 100902680 bytes
GC: 11/01/2020 05:22:04 +00:00
Heap usage check at 11/01/2020 05:22:17 +00:00 , 34253640 bytes
Heap usage check at 11/01/2020 05:22:30 +00:00 , 67573504 bytes
Heap usage check at 11/01/2020 05:22:43 +00:00 , 100890320 bytes
GC: 11/01/2020 05:22:43 +00:00
Heap usage check at 11/01/2020 05:23:21 +00:00 , 100861920 bytes
GC: 11/01/2020 05:23:21 +00:00
Heap usage check at 11/01/2020 05:24:00 +00:00 , 100881112 bytes
GC: 11/01/2020 05:24:00 +00:00
Heap usage check at 11/01/2020 05:24:38 +00:00 , 100867184 bytes
GC: 11/01/2020 05:24:38 +00:00
Heap usage check at 11/01/2020 05:25:16 +00:00 , 100868240 bytes
GC: 11/01/2020 05:25:16 +00:00
Heap usage check at 11/01/2020 05:25:55 +00:00 , 100869952 bytes
GC: 11/01/2020 05:25:55 +00:00
Heap usage check at 11/01/2020 05:26:33 +00:00 , 100884336 bytes
GC: 11/01/2020 05:26:33 +00:00
Heap usage check at 11/01/2020 05:27:12 +00:00 , 100898712 bytes
Heap usage check at 11/01/2020 05:27:50 +00:00 , 200827960 bytes
GC: 11/01/2020 05:27:50 +00:00
[40m[32minfo[39m[22m[49m: Microsoft.Hosting.Lifetime[0]
      Application is shutting down...
