Server GC Enabled: True
[40m[32minfo[39m[22m[49m: Microsoft.Hosting.Lifetime[0]
      Now listening on: http://[::]:8080
[40m[32minfo[39m[22m[49m: Microsoft.Hosting.Lifetime[0]
      Application started. Press Ctrl+C to shut down.
[40m[32minfo[39m[22m[49m: Microsoft.Hosting.Lifetime[0]
      Hosting environment: Development
[40m[32minfo[39m[22m[49m: Microsoft.Hosting.Lifetime[0]
      Content root path: /home/debian/garbage-generator/GarbageGenerator
[40m[1m[33mwarn[39m[22m[49m: Microsoft.AspNetCore.HttpsPolicy.HttpsRedirectionMiddleware[3]
      Failed to determine the https port for redirect.
Heap usage check at 11/01/2020 06:49:12 +00:00 , 35248184 bytes
Heap usage check at 11/01/2020 06:49:24 +00:00 , 68567864 bytes
Heap usage check at 11/01/2020 06:49:37 +00:00 , 101880640 bytes
Heap usage check at 11/01/2020 06:49:50 +00:00 , 135202416 bytes
GC: 11/01/2020 06:49:50 +00:00
Heap usage check at 11/01/2020 06:50:03 +00:00 , 34286416 bytes
Heap usage check at 11/01/2020 06:50:16 +00:00 , 67606736 bytes
Heap usage check at 11/01/2020 06:50:28 +00:00 , 100923952 bytes
Heap usage check at 11/01/2020 06:50:41 +00:00 , 134246680 bytes
GC: 11/01/2020 06:50:41 +00:00
Heap usage check at 11/01/2020 06:50:54 +00:00 , 34269608 bytes
Heap usage check at 11/01/2020 06:51:07 +00:00 , 67598000 bytes
Heap usage check at 11/01/2020 06:51:20 +00:00 , 100914792 bytes
Heap usage check at 11/01/2020 06:51:32 +00:00 , 134242040 bytes
GC: 11/01/2020 06:51:32 +00:00
Heap usage check at 11/01/2020 06:51:45 +00:00 , 34261176 bytes
Heap usage check at 11/01/2020 06:51:58 +00:00 , 67594608 bytes
Heap usage check at 11/01/2020 06:52:11 +00:00 , 100898152 bytes
GC: 11/01/2020 06:52:11 +00:00
Heap usage check at 11/01/2020 06:52:24 +00:00 , 34262760 bytes
Heap usage check at 11/01/2020 06:52:36 +00:00 , 67590744 bytes
Heap usage check at 11/01/2020 06:52:49 +00:00 , 100910352 bytes
Heap usage check at 11/01/2020 06:53:02 +00:00 , 134225648 bytes
GC: 11/01/2020 06:53:02 +00:00
Heap usage check at 11/01/2020 06:53:40 +00:00 , 100901816 bytes
GC: 11/01/2020 06:53:40 +00:00
Heap usage check at 11/01/2020 06:54:19 +00:00 , 100967416 bytes
GC: 11/01/2020 06:54:19 +00:00
Heap usage check at 11/01/2020 06:54:57 +00:00 , 100899160 bytes
GC: 11/01/2020 06:54:57 +00:00
Heap usage check at 11/01/2020 06:55:36 +00:00 , 100910648 bytes
Heap usage check at 11/01/2020 06:56:14 +00:00 , 200848560 bytes
GC: 11/01/2020 06:56:14 +00:00
Heap usage check at 11/01/2020 06:56:52 +00:00 , 100889576 bytes
GC: 11/01/2020 06:56:52 +00:00
Heap usage check at 11/01/2020 06:57:31 +00:00 , 100873608 bytes
GC: 11/01/2020 06:57:31 +00:00
Heap usage check at 11/01/2020 06:58:09 +00:00 , 100888088 bytes
Heap usage check at 11/01/2020 06:58:48 +00:00 , 200809976 bytes
GC: 11/01/2020 06:58:48 +00:00
[40m[32minfo[39m[22m[49m: Microsoft.Hosting.Lifetime[0]
      Application is shutting down...
