Server GC Enabled: True
[40m[32minfo[39m[22m[49m: Microsoft.Hosting.Lifetime[0]
      Now listening on: http://[::]:8080
[40m[32minfo[39m[22m[49m: Microsoft.Hosting.Lifetime[0]
      Application started. Press Ctrl+C to shut down.
[40m[32minfo[39m[22m[49m: Microsoft.Hosting.Lifetime[0]
      Hosting environment: Development
[40m[32minfo[39m[22m[49m: Microsoft.Hosting.Lifetime[0]
      Content root path: /home/debian/garbage-generator/GarbageGenerator
[40m[1m[33mwarn[39m[22m[49m: Microsoft.AspNetCore.HttpsPolicy.HttpsRedirectionMiddleware[3]
      Failed to determine the https port for redirect.
Heap usage check at 11/01/2020 07:23:20 +00:00 , 35234504 bytes
Heap usage check at 11/01/2020 07:23:33 +00:00 , 68550472 bytes
Heap usage check at 11/01/2020 07:23:46 +00:00 , 101870480 bytes
Heap usage check at 11/01/2020 07:23:59 +00:00 , 135202824 bytes
GC: 11/01/2020 07:23:59 +00:00
Heap usage check at 11/01/2020 07:24:11 +00:00 , 34289704 bytes
Heap usage check at 11/01/2020 07:24:24 +00:00 , 67631888 bytes
Heap usage check at 11/01/2020 07:24:37 +00:00 , 100944792 bytes
Heap usage check at 11/01/2020 07:24:50 +00:00 , 134276320 bytes
GC: 11/01/2020 07:24:50 +00:00
Heap usage check at 11/01/2020 07:25:03 +00:00 , 34278272 bytes
Heap usage check at 11/01/2020 07:25:15 +00:00 , 67590496 bytes
Heap usage check at 11/01/2020 07:25:28 +00:00 , 100924584 bytes
GC: 11/01/2020 07:25:28 +00:00
Heap usage check at 11/01/2020 07:25:41 +00:00 , 34267424 bytes
Heap usage check at 11/01/2020 07:25:54 +00:00 , 67583088 bytes
Heap usage check at 11/01/2020 07:26:07 +00:00 , 100910584 bytes
Heap usage check at 11/01/2020 07:26:19 +00:00 , 134221096 bytes
GC: 11/01/2020 07:26:19 +00:00
Heap usage check at 11/01/2020 07:26:32 +00:00 , 34256656 bytes
Heap usage check at 11/01/2020 07:26:45 +00:00 , 67573680 bytes
Heap usage check at 11/01/2020 07:26:58 +00:00 , 100896368 bytes
Heap usage check at 11/01/2020 07:27:11 +00:00 , 134208008 bytes
GC: 11/01/2020 07:27:11 +00:00
Heap usage check at 11/01/2020 07:27:49 +00:00 , 100895696 bytes
GC: 11/01/2020 07:27:49 +00:00
Heap usage check at 11/01/2020 07:28:27 +00:00 , 100886544 bytes
GC: 11/01/2020 07:28:27 +00:00
Heap usage check at 11/01/2020 07:29:06 +00:00 , 100888840 bytes
GC: 11/01/2020 07:29:06 +00:00
Heap usage check at 11/01/2020 07:29:44 +00:00 , 100886864 bytes
GC: 11/01/2020 07:29:44 +00:00
Heap usage check at 11/01/2020 07:30:23 +00:00 , 100875056 bytes
GC: 11/01/2020 07:30:23 +00:00
Heap usage check at 11/01/2020 07:31:01 +00:00 , 100890048 bytes
GC: 11/01/2020 07:31:01 +00:00
Heap usage check at 11/01/2020 07:31:39 +00:00 , 100884496 bytes
GC: 11/01/2020 07:31:39 +00:00
Heap usage check at 11/01/2020 07:32:18 +00:00 , 100886440 bytes
GC: 11/01/2020 07:32:18 +00:00
Heap usage check at 11/01/2020 07:32:56 +00:00 , 100888952 bytes
GC: 11/01/2020 07:32:56 +00:00
[40m[32minfo[39m[22m[49m: Microsoft.Hosting.Lifetime[0]
      Application is shutting down...
