Server GC Enabled: True
[40m[32minfo[39m[22m[49m: Microsoft.Hosting.Lifetime[0]
      Now listening on: http://[::]:8080
[40m[32minfo[39m[22m[49m: Microsoft.Hosting.Lifetime[0]
      Application started. Press Ctrl+C to shut down.
[40m[32minfo[39m[22m[49m: Microsoft.Hosting.Lifetime[0]
      Hosting environment: Development
[40m[32minfo[39m[22m[49m: Microsoft.Hosting.Lifetime[0]
      Content root path: /home/debian/garbage-generator/GarbageGenerator
[40m[1m[33mwarn[39m[22m[49m: Microsoft.AspNetCore.HttpsPolicy.HttpsRedirectionMiddleware[3]
      Failed to determine the https port for redirect.
Heap usage check at 11/01/2020 07:00:31 +00:00 , 35232568 bytes
Heap usage check at 11/01/2020 07:00:44 +00:00 , 68550280 bytes
Heap usage check at 11/01/2020 07:00:56 +00:00 , 101862744 bytes
Heap usage check at 11/01/2020 07:01:09 +00:00 , 135459424 bytes
Heap usage check at 11/01/2020 07:01:22 +00:00 , 168515056 bytes
GC: 11/01/2020 07:01:22 +00:00
Heap usage check at 11/01/2020 07:01:35 +00:00 , 34281080 bytes
Heap usage check at 11/01/2020 07:01:48 +00:00 , 67627176 bytes
Heap usage check at 11/01/2020 07:02:00 +00:00 , 100932104 bytes
Heap usage check at 11/01/2020 07:02:13 +00:00 , 134255768 bytes
GC: 11/01/2020 07:02:13 +00:00
Heap usage check at 11/01/2020 07:02:26 +00:00 , 34274520 bytes
Heap usage check at 11/01/2020 07:02:39 +00:00 , 67596824 bytes
Heap usage check at 11/01/2020 07:02:52 +00:00 , 100912296 bytes
Heap usage check at 11/01/2020 07:03:04 +00:00 , 134235152 bytes
GC: 11/01/2020 07:03:04 +00:00
Heap usage check at 11/01/2020 07:03:17 +00:00 , 34262648 bytes
Heap usage check at 11/01/2020 07:03:30 +00:00 , 67583568 bytes
Heap usage check at 11/01/2020 07:03:43 +00:00 , 100895464 bytes
GC: 11/01/2020 07:03:43 +00:00
Heap usage check at 11/01/2020 07:03:56 +00:00 , 34259776 bytes
Heap usage check at 11/01/2020 07:04:08 +00:00 , 67568016 bytes
Heap usage check at 11/01/2020 07:04:21 +00:00 , 100888120 bytes
Heap usage check at 11/01/2020 07:04:34 +00:00 , 134200840 bytes
GC: 11/01/2020 07:04:34 +00:00
Heap usage check at 11/01/2020 07:05:12 +00:00 , 100874264 bytes
Heap usage check at 11/01/2020 07:05:51 +00:00 , 200795240 bytes
GC: 11/01/2020 07:05:51 +00:00
Heap usage check at 11/01/2020 07:06:29 +00:00 , 100929936 bytes
GC: 11/01/2020 07:06:29 +00:00
Heap usage check at 11/01/2020 07:07:08 +00:00 , 100898536 bytes
GC: 11/01/2020 07:07:08 +00:00
Heap usage check at 11/01/2020 07:07:46 +00:00 , 100885304 bytes
GC: 11/01/2020 07:07:46 +00:00
Heap usage check at 11/01/2020 07:08:24 +00:00 , 100899408 bytes
GC: 11/01/2020 07:08:24 +00:00
Heap usage check at 11/01/2020 07:09:03 +00:00 , 100893872 bytes
GC: 11/01/2020 07:09:03 +00:00
Heap usage check at 11/01/2020 07:09:41 +00:00 , 101168120 bytes
GC: 11/01/2020 07:09:41 +00:00
[40m[32minfo[39m[22m[49m: Microsoft.Hosting.Lifetime[0]
      Application is shutting down...
