Server GC Enabled: True
[40m[32minfo[39m[22m[49m: Microsoft.Hosting.Lifetime[0]
      Now listening on: http://[::]:8080
[40m[32minfo[39m[22m[49m: Microsoft.Hosting.Lifetime[0]
      Application started. Press Ctrl+C to shut down.
[40m[32minfo[39m[22m[49m: Microsoft.Hosting.Lifetime[0]
      Hosting environment: Development
[40m[32minfo[39m[22m[49m: Microsoft.Hosting.Lifetime[0]
      Content root path: /home/debian/garbage-generator/GarbageGenerator
[40m[1m[33mwarn[39m[22m[49m: Microsoft.AspNetCore.HttpsPolicy.HttpsRedirectionMiddleware[3]
      Failed to determine the https port for redirect.
Heap usage check at 11/01/2020 05:18:40 +00:00 , 35189720 bytes
Heap usage check at 11/01/2020 05:18:52 +00:00 , 68510472 bytes
Heap usage check at 11/01/2020 05:19:05 +00:00 , 101834864 bytes
Heap usage check at 11/01/2020 05:19:18 +00:00 , 135151456 bytes
Heap usage check at 11/01/2020 05:19:31 +00:00 , 168465216 bytes
GC: 11/01/2020 05:19:31 +00:00
Heap usage check at 11/01/2020 05:19:44 +00:00 , 34285592 bytes
Heap usage check at 11/01/2020 05:19:56 +00:00 , 67597816 bytes
Heap usage check at 11/01/2020 05:20:09 +00:00 , 100927384 bytes
Heap usage check at 11/01/2020 05:20:22 +00:00 , 134252808 bytes
Heap usage check at 11/01/2020 05:20:35 +00:00 , 167563832 bytes
GC: 11/01/2020 05:20:35 +00:00
Heap usage check at 11/01/2020 05:20:48 +00:00 , 34270216 bytes
Heap usage check at 11/01/2020 05:21:00 +00:00 , 67591736 bytes
Heap usage check at 11/01/2020 05:21:13 +00:00 , 100925560 bytes
GC: 11/01/2020 05:21:13 +00:00
Heap usage check at 11/01/2020 05:21:26 +00:00 , 34264520 bytes
Heap usage check at 11/01/2020 05:21:39 +00:00 , 67856336 bytes
Heap usage check at 11/01/2020 05:21:52 +00:00 , 100913160 bytes
Heap usage check at 11/01/2020 05:22:04 +00:00 , 134231176 bytes
Heap usage check at 11/01/2020 05:22:17 +00:00 , 167543128 bytes
GC: 11/01/2020 05:22:17 +00:00
Heap usage check at 11/01/2020 05:22:30 +00:00 , 34263072 bytes
Heap usage check at 11/01/2020 05:22:43 +00:00 , 67574832 bytes
Heap usage check at 11/01/2020 05:22:56 +00:00 , 100887112 bytes
Heap usage check at 11/01/2020 05:23:08 +00:00 , 134200720 bytes
GC: 11/01/2020 05:23:08 +00:00
Heap usage check at 11/01/2020 05:23:47 +00:00 , 100870960 bytes
GC: 11/01/2020 05:23:47 +00:00
Heap usage check at 11/01/2020 05:24:25 +00:00 , 100868688 bytes
Heap usage check at 11/01/2020 05:25:04 +00:00 , 200832120 bytes
GC: 11/01/2020 05:25:04 +00:00
Heap usage check at 11/01/2020 05:25:42 +00:00 , 100878336 bytes
GC: 11/01/2020 05:25:42 +00:00
Heap usage check at 11/01/2020 05:26:20 +00:00 , 100885304 bytes
GC: 11/01/2020 05:26:20 +00:00
Heap usage check at 11/01/2020 05:26:59 +00:00 , 100891984 bytes
GC: 11/01/2020 05:26:59 +00:00
Heap usage check at 11/01/2020 05:27:37 +00:00 , 100967376 bytes
GC: 11/01/2020 05:27:37 +00:00
Heap usage check at 11/01/2020 05:28:16 +00:00 , 100890592 bytes
GC: 11/01/2020 05:28:16 +00:00
[40m[32minfo[39m[22m[49m: Microsoft.Hosting.Lifetime[0]
      Application is shutting down...
