Server GC Enabled: True
[40m[32minfo[39m[22m[49m: Microsoft.Hosting.Lifetime[0]
      Now listening on: http://[::]:8080
[40m[32minfo[39m[22m[49m: Microsoft.Hosting.Lifetime[0]
      Application started. Press Ctrl+C to shut down.
[40m[32minfo[39m[22m[49m: Microsoft.Hosting.Lifetime[0]
      Hosting environment: Development
[40m[32minfo[39m[22m[49m: Microsoft.Hosting.Lifetime[0]
      Content root path: /home/debian/garbage-generator/GarbageGenerator
[40m[1m[33mwarn[39m[22m[49m: Microsoft.AspNetCore.HttpsPolicy.HttpsRedirectionMiddleware[3]
      Failed to determine the https port for redirect.
Heap usage check at 11/01/2020 07:12:01 +00:00 , 35212240 bytes
Heap usage check at 11/01/2020 07:12:14 +00:00 , 68541448 bytes
Heap usage check at 11/01/2020 07:12:27 +00:00 , 101843112 bytes
Heap usage check at 11/01/2020 07:12:40 +00:00 , 135173320 bytes
GC: 11/01/2020 07:12:40 +00:00
Heap usage check at 11/01/2020 07:12:52 +00:00 , 34309144 bytes
Heap usage check at 11/01/2020 07:13:05 +00:00 , 67628176 bytes
Heap usage check at 11/01/2020 07:13:18 +00:00 , 100946608 bytes
GC: 11/01/2020 07:13:18 +00:00
Heap usage check at 11/01/2020 07:13:31 +00:00 , 34261000 bytes
Heap usage check at 11/01/2020 07:13:44 +00:00 , 67587816 bytes
Heap usage check at 11/01/2020 07:13:56 +00:00 , 100925408 bytes
Heap usage check at 11/01/2020 07:14:09 +00:00 , 134236504 bytes
GC: 11/01/2020 07:14:09 +00:00
Heap usage check at 11/01/2020 07:14:22 +00:00 , 34525352 bytes
Heap usage check at 11/01/2020 07:14:35 +00:00 , 67594224 bytes
Heap usage check at 11/01/2020 07:14:48 +00:00 , 100918288 bytes
GC: 11/01/2020 07:14:48 +00:00
Heap usage check at 11/01/2020 07:15:00 +00:00 , 34254112 bytes
Heap usage check at 11/01/2020 07:15:13 +00:00 , 67565688 bytes
Heap usage check at 11/01/2020 07:15:26 +00:00 , 100898968 bytes
GC: 11/01/2020 07:15:26 +00:00
Heap usage check at 11/01/2020 07:16:04 +00:00 , 100875448 bytes
GC: 11/01/2020 07:16:04 +00:00
Heap usage check at 11/01/2020 07:16:43 +00:00 , 100859688 bytes
GC: 11/01/2020 07:16:43 +00:00
Heap usage check at 11/01/2020 07:17:21 +00:00 , 100865144 bytes
GC: 11/01/2020 07:17:21 +00:00
Heap usage check at 11/01/2020 07:18:00 +00:00 , 100877808 bytes
GC: 11/01/2020 07:18:00 +00:00
Heap usage check at 11/01/2020 07:18:38 +00:00 , 100885800 bytes
GC: 11/01/2020 07:18:38 +00:00
Heap usage check at 11/01/2020 07:19:16 +00:00 , 100905440 bytes
GC: 11/01/2020 07:19:16 +00:00
Heap usage check at 11/01/2020 07:19:55 +00:00 , 100894392 bytes
GC: 11/01/2020 07:19:55 +00:00
Heap usage check at 11/01/2020 07:20:33 +00:00 , 100877120 bytes
GC: 11/01/2020 07:20:33 +00:00
Heap usage check at 11/01/2020 07:21:12 +00:00 , 100904480 bytes
GC: 11/01/2020 07:21:12 +00:00
[40m[32minfo[39m[22m[49m: Microsoft.Hosting.Lifetime[0]
      Application is shutting down...
