Server GC Enabled: True
[40m[32minfo[39m[22m[49m: Microsoft.Hosting.Lifetime[0]
      Now listening on: http://[::]:8080
[40m[32minfo[39m[22m[49m: Microsoft.Hosting.Lifetime[0]
      Application started. Press Ctrl+C to shut down.
[40m[32minfo[39m[22m[49m: Microsoft.Hosting.Lifetime[0]
      Hosting environment: Development
[40m[32minfo[39m[22m[49m: Microsoft.Hosting.Lifetime[0]
      Content root path: /home/debian/garbage-generator/GarbageGenerator
[40m[1m[33mwarn[39m[22m[49m: Microsoft.AspNetCore.HttpsPolicy.HttpsRedirectionMiddleware[3]
      Failed to determine the https port for redirect.
Heap usage check at 11/01/2020 06:15:14 +00:00 , 35229744 bytes
Heap usage check at 11/01/2020 06:15:27 +00:00 , 68558664 bytes
Heap usage check at 11/01/2020 06:15:40 +00:00 , 101893664 bytes
Heap usage check at 11/01/2020 06:15:53 +00:00 , 135217848 bytes
Heap usage check at 11/01/2020 06:16:06 +00:00 , 168552456 bytes
GC: 11/01/2020 06:16:06 +00:00
Heap usage check at 11/01/2020 06:16:18 +00:00 , 34288304 bytes
Heap usage check at 11/01/2020 06:16:31 +00:00 , 67616760 bytes
Heap usage check at 11/01/2020 06:16:44 +00:00 , 100922992 bytes
Heap usage check at 11/01/2020 06:16:57 +00:00 , 134253416 bytes
Heap usage check at 11/01/2020 06:17:10 +00:00 , 167585008 bytes
GC: 11/01/2020 06:17:10 +00:00
Heap usage check at 11/01/2020 06:17:22 +00:00 , 34271072 bytes
Heap usage check at 11/01/2020 06:17:35 +00:00 , 67578280 bytes
Heap usage check at 11/01/2020 06:17:48 +00:00 , 100906264 bytes
Heap usage check at 11/01/2020 06:18:01 +00:00 , 134221352 bytes
Heap usage check at 11/01/2020 06:18:14 +00:00 , 167542552 bytes
GC: 11/01/2020 06:18:14 +00:00
Heap usage check at 11/01/2020 06:18:26 +00:00 , 34254992 bytes
Heap usage check at 11/01/2020 06:18:39 +00:00 , 67568504 bytes
Heap usage check at 11/01/2020 06:18:52 +00:00 , 100887992 bytes
Heap usage check at 11/01/2020 06:19:05 +00:00 , 134201320 bytes
GC: 11/01/2020 06:19:05 +00:00
Heap usage check at 11/01/2020 06:19:18 +00:00 , 34257664 bytes
Heap usage check at 11/01/2020 06:19:30 +00:00 , 67573240 bytes
Heap usage check at 11/01/2020 06:19:43 +00:00 , 100895952 bytes
GC: 11/01/2020 06:19:43 +00:00
Heap usage check at 11/01/2020 06:20:22 +00:00 , 100866768 bytes
GC: 11/01/2020 06:20:22 +00:00
Heap usage check at 11/01/2020 06:21:00 +00:00 , 100891384 bytes
GC: 11/01/2020 06:21:00 +00:00
Heap usage check at 11/01/2020 06:21:38 +00:00 , 100915520 bytes
GC: 11/01/2020 06:21:38 +00:00
Heap usage check at 11/01/2020 06:22:17 +00:00 , 100902352 bytes
Heap usage check at 11/01/2020 06:22:55 +00:00 , 200817256 bytes
GC: 11/01/2020 06:22:55 +00:00
Heap usage check at 11/01/2020 06:23:34 +00:00 , 100879896 bytes
Heap usage check at 11/01/2020 06:24:12 +00:00 , 200807208 bytes
GC: 11/01/2020 06:24:12 +00:00
Heap usage check at 11/01/2020 06:24:50 +00:00 , 100889848 bytes
GC: 11/01/2020 06:24:50 +00:00
[40m[32minfo[39m[22m[49m: Microsoft.Hosting.Lifetime[0]
      Application is shutting down...
