Server GC Enabled: True
[40m[32minfo[39m[22m[49m: Microsoft.Hosting.Lifetime[0]
      Now listening on: http://[::]:8080
[40m[32minfo[39m[22m[49m: Microsoft.Hosting.Lifetime[0]
      Application started. Press Ctrl+C to shut down.
[40m[32minfo[39m[22m[49m: Microsoft.Hosting.Lifetime[0]
      Hosting environment: Development
[40m[32minfo[39m[22m[49m: Microsoft.Hosting.Lifetime[0]
      Content root path: /home/debian/garbage-generator/GarbageGenerator
[40m[1m[33mwarn[39m[22m[49m: Microsoft.AspNetCore.HttpsPolicy.HttpsRedirectionMiddleware[3]
      Failed to determine the https port for redirect.
Heap usage check at 11/01/2020 05:07:21 +00:00 , 35211776 bytes
Heap usage check at 11/01/2020 05:07:33 +00:00 , 68545192 bytes
Heap usage check at 11/01/2020 05:07:46 +00:00 , 101861808 bytes
GC: 11/01/2020 05:07:46 +00:00
Heap usage check at 11/01/2020 05:07:59 +00:00 , 34287768 bytes
Heap usage check at 11/01/2020 05:08:12 +00:00 , 67607912 bytes
Heap usage check at 11/01/2020 05:08:24 +00:00 , 100919600 bytes
GC: 11/01/2020 05:08:24 +00:00
Heap usage check at 11/01/2020 05:08:37 +00:00 , 34270736 bytes
Heap usage check at 11/01/2020 05:08:50 +00:00 , 67592640 bytes
Heap usage check at 11/01/2020 05:09:03 +00:00 , 100904000 bytes
GC: 11/01/2020 05:09:03 +00:00
Heap usage check at 11/01/2020 05:09:16 +00:00 , 34254864 bytes
Heap usage check at 11/01/2020 05:09:28 +00:00 , 67580600 bytes
Heap usage check at 11/01/2020 05:09:41 +00:00 , 100898280 bytes
GC: 11/01/2020 05:09:41 +00:00
Heap usage check at 11/01/2020 05:09:54 +00:00 , 34245704 bytes
Heap usage check at 11/01/2020 05:10:07 +00:00 , 67596648 bytes
Heap usage check at 11/01/2020 05:10:20 +00:00 , 100908592 bytes
Heap usage check at 11/01/2020 05:10:32 +00:00 , 134242120 bytes
GC: 11/01/2020 05:10:32 +00:00
Heap usage check at 11/01/2020 05:11:11 +00:00 , 100885176 bytes
Heap usage check at 11/01/2020 05:11:49 +00:00 , 200831776 bytes
GC: 11/01/2020 05:11:49 +00:00
Heap usage check at 11/01/2020 05:12:28 +00:00 , 100889616 bytes
Heap usage check at 11/01/2020 05:13:06 +00:00 , 200825624 bytes
GC: 11/01/2020 05:13:06 +00:00
Heap usage check at 11/01/2020 05:13:44 +00:00 , 100870720 bytes
Heap usage check at 11/01/2020 05:14:23 +00:00 , 200812024 bytes
GC: 11/01/2020 05:14:23 +00:00
Heap usage check at 11/01/2020 05:15:01 +00:00 , 100893952 bytes
Heap usage check at 11/01/2020 05:15:40 +00:00 , 200816736 bytes
GC: 11/01/2020 05:15:40 +00:00
Heap usage check at 11/01/2020 05:16:31 +00:00 , 134198264 bytes
[40m[32minfo[39m[22m[49m: Microsoft.Hosting.Lifetime[0]
      Application is shutting down...
