Server GC Enabled: True
[40m[32minfo[39m[22m[49m: Microsoft.Hosting.Lifetime[0]
      Now listening on: http://[::]:8080
[40m[32minfo[39m[22m[49m: Microsoft.Hosting.Lifetime[0]
      Application started. Press Ctrl+C to shut down.
[40m[32minfo[39m[22m[49m: Microsoft.Hosting.Lifetime[0]
      Hosting environment: Development
[40m[32minfo[39m[22m[49m: Microsoft.Hosting.Lifetime[0]
      Content root path: /home/debian/garbage-generator/GarbageGenerator
[40m[1m[33mwarn[39m[22m[49m: Microsoft.AspNetCore.HttpsPolicy.HttpsRedirectionMiddleware[3]
      Failed to determine the https port for redirect.
Heap usage check at 11/01/2020 05:07:21 +00:00 , 35246848 bytes
Heap usage check at 11/01/2020 05:07:33 +00:00 , 68557360 bytes
Heap usage check at 11/01/2020 05:07:46 +00:00 , 101875600 bytes
Heap usage check at 11/01/2020 05:07:59 +00:00 , 135204008 bytes
GC: 11/01/2020 05:07:59 +00:00
Heap usage check at 11/01/2020 05:08:12 +00:00 , 34286376 bytes
Heap usage check at 11/01/2020 05:08:25 +00:00 , 67592048 bytes
Heap usage check at 11/01/2020 05:08:37 +00:00 , 100917512 bytes
GC: 11/01/2020 05:08:37 +00:00
Heap usage check at 11/01/2020 05:08:50 +00:00 , 34279920 bytes
Heap usage check at 11/01/2020 05:09:03 +00:00 , 67580080 bytes
Heap usage check at 11/01/2020 05:09:16 +00:00 , 100904656 bytes
GC: 11/01/2020 05:09:16 +00:00
Heap usage check at 11/01/2020 05:09:29 +00:00 , 34276064 bytes
Heap usage check at 11/01/2020 05:09:41 +00:00 , 67586736 bytes
Heap usage check at 11/01/2020 05:09:54 +00:00 , 100908312 bytes
GC: 11/01/2020 05:09:54 +00:00
Heap usage check at 11/01/2020 05:10:07 +00:00 , 34270344 bytes
Heap usage check at 11/01/2020 05:10:20 +00:00 , 67594560 bytes
Heap usage check at 11/01/2020 05:10:33 +00:00 , 100904200 bytes
GC: 11/01/2020 05:10:33 +00:00
Heap usage check at 11/01/2020 05:11:11 +00:00 , 100876624 bytes
Heap usage check at 11/01/2020 05:11:49 +00:00 , 200835400 bytes
GC: 11/01/2020 05:11:49 +00:00
Heap usage check at 11/01/2020 05:12:28 +00:00 , 100880576 bytes
Heap usage check at 11/01/2020 05:13:06 +00:00 , 200820120 bytes
GC: 11/01/2020 05:13:06 +00:00
Heap usage check at 11/01/2020 05:13:45 +00:00 , 100869304 bytes
Heap usage check at 11/01/2020 05:14:23 +00:00 , 200801848 bytes
GC: 11/01/2020 05:14:23 +00:00
Heap usage check at 11/01/2020 05:15:01 +00:00 , 100912312 bytes
Heap usage check at 11/01/2020 05:15:40 +00:00 , 200843472 bytes
GC: 11/01/2020 05:15:40 +00:00
Heap usage check at 11/01/2020 05:16:18 +00:00 , 100889384 bytes
Heap usage check at 11/01/2020 05:16:57 +00:00 , 200828192 bytes
GC: 11/01/2020 05:16:57 +00:00
[40m[32minfo[39m[22m[49m: Microsoft.Hosting.Lifetime[0]
      Application is shutting down...
